[2025-08-03 01:39:29] INFO in log_settings: Conectando ao banco de dados ...
[2025-08-03 01:39:29] INFO in _internal:  * Restarting with stat
[2025-08-03 01:39:31] INFO in log_settings: Conectando ao banco de dados ...
[2025-08-03 01:39:32] WARNING in _internal:  * Debugger is active!
[2025-08-03 01:39:32] INFO in _internal:  * Debugger PIN: 825-762-449
[2025-08-03 01:39:32] INFO in log_settings: Conectando ao banco de dados ...
[2025-08-03 01:39:39] INFO in log_settings: Conectando ao banco de dados ...
[2025-08-03 01:39:46] INFO in log_settings: Conectando ao banco de dados ...
[2025-08-03 01:41:24] INFO in _internal:  * Detected change in 'C:\\Users\\Administrador\\Desktop\\PYTHON_PROGRAMS\\PROJECTS_\\CHAT\\app\\DBHandler.py', reloading
[2025-08-03 01:41:24] INFO in _internal:  * Restarting with stat
[2025-08-03 01:41:25] INFO in log_settings: Conectando ao banco de dados ...
[2025-08-03 01:41:25] WARNING in _internal:  * Debugger is active!
[2025-08-03 01:41:25] INFO in _internal:  * Debugger PIN: 825-762-449
[2025-08-03 01:41:57] INFO in _internal:  * Detected change in 'C:\\Users\\Administrador\\Desktop\\PYTHON_PROGRAMS\\PROJECTS_\\CHAT\\app\\DBHandler.py', reloading
[2025-08-03 01:41:57] INFO in _internal:  * Restarting with stat
[2025-08-03 01:41:58] INFO in log_settings: Conectando ao banco de dados ...
[2025-08-03 01:41:58] WARNING in _internal:  * Debugger is active!
[2025-08-03 01:41:58] INFO in _internal:  * Debugger PIN: 825-762-449
[2025-08-03 01:42:17] INFO in _internal:  * Detected change in 'C:\\Users\\Administrador\\Desktop\\PYTHON_PROGRAMS\\PROJECTS_\\CHAT\\app\\DBHandler.py', reloading
[2025-08-03 01:42:17] INFO in _internal:  * Restarting with stat
[2025-08-03 01:42:19] INFO in log_settings: Conectando ao banco de dados ...
[2025-08-03 01:42:19] WARNING in _internal:  * Debugger is active!
[2025-08-03 01:42:19] INFO in _internal:  * Debugger PIN: 825-762-449
[2025-08-03 01:43:14] INFO in _internal:  * Detected change in 'C:\\Users\\Administrador\\Desktop\\PYTHON_PROGRAMS\\PROJECTS_\\CHAT\\app\\DBHandler.py', reloading
[2025-08-03 01:43:14] INFO in _internal:  * Restarting with stat
[2025-08-03 01:43:16] INFO in log_settings: Conectando ao banco de dados ...
[2025-08-03 01:43:16] WARNING in _internal:  * Debugger is active!
[2025-08-03 01:43:16] INFO in _internal:  * Debugger PIN: 825-762-449
[2025-08-03 01:47:37] INFO in _internal:  * Detected change in 'C:\\Users\\Administrador\\Desktop\\PYTHON_PROGRAMS\\PROJECTS_\\CHAT\\app\\routes.py', reloading
[2025-08-03 01:47:37] INFO in _internal:  * Restarting with stat
[2025-08-03 01:47:38] INFO in log_settings: Conectando ao banco de dados ...
[2025-08-03 01:47:38] WARNING in _internal:  * Debugger is active!
[2025-08-03 01:47:38] INFO in _internal:  * Debugger PIN: 825-762-449
[2025-08-03 01:47:51] INFO in _internal:  * Detected change in 'C:\\Users\\Administrador\\Desktop\\PYTHON_PROGRAMS\\PROJECTS_\\CHAT\\app\\routes.py', reloading
[2025-08-03 01:47:51] INFO in _internal:  * Restarting with stat
[2025-08-03 01:47:53] INFO in log_settings: Conectando ao banco de dados ...
[2025-08-03 01:47:53] WARNING in _internal:  * Debugger is active!
[2025-08-03 01:47:53] INFO in _internal:  * Debugger PIN: 825-762-449
[2025-08-03 01:48:08] INFO in _internal:  * Detected change in 'C:\\Users\\Administrador\\Desktop\\PYTHON_PROGRAMS\\PROJECTS_\\CHAT\\app\\routes.py', reloading
[2025-08-03 01:48:08] INFO in _internal:  * Restarting with stat
[2025-08-03 01:48:09] INFO in log_settings: Conectando ao banco de dados ...
[2025-08-03 01:48:09] WARNING in _internal:  * Debugger is active!
[2025-08-03 01:48:09] INFO in _internal:  * Debugger PIN: 825-762-449
[2025-08-03 01:48:13] INFO in _internal:  * Detected change in 'C:\\Users\\Administrador\\Desktop\\PYTHON_PROGRAMS\\PROJECTS_\\CHAT\\app\\routes.py', reloading
[2025-08-03 01:48:14] INFO in _internal:  * Restarting with stat
[2025-08-03 01:48:15] INFO in log_settings: Conectando ao banco de dados ...
[2025-08-03 01:48:15] WARNING in _internal:  * Debugger is active!
[2025-08-03 01:48:15] INFO in _internal:  * Debugger PIN: 825-762-449
[2025-08-03 01:48:43] INFO in _internal:  * Detected change in 'C:\\Users\\Administrador\\Desktop\\PYTHON_PROGRAMS\\PROJECTS_\\CHAT\\app\\routes.py', reloading
[2025-08-03 01:48:43] INFO in _internal:  * Restarting with stat
[2025-08-03 01:48:45] INFO in log_settings: Conectando ao banco de dados ...
[2025-08-03 01:48:45] WARNING in _internal:  * Debugger is active!
[2025-08-03 01:48:45] INFO in _internal:  * Debugger PIN: 825-762-449
[2025-08-03 01:48:59] INFO in _internal:  * Detected change in 'C:\\Users\\Administrador\\Desktop\\PYTHON_PROGRAMS\\PROJECTS_\\CHAT\\app\\routes.py', reloading
[2025-08-03 01:48:59] INFO in _internal:  * Restarting with stat
[2025-08-03 01:49:00] INFO in log_settings: Conectando ao banco de dados ...
[2025-08-03 01:49:00] WARNING in _internal:  * Debugger is active!
[2025-08-03 01:49:00] INFO in _internal:  * Debugger PIN: 825-762-449
[2025-08-03 01:49:35] INFO in _internal:  * Detected change in 'C:\\Users\\Administrador\\Desktop\\PYTHON_PROGRAMS\\PROJECTS_\\CHAT\\app\\routes.py', reloading
[2025-08-03 01:49:35] INFO in _internal:  * Restarting with stat
[2025-08-03 01:49:37] INFO in log_settings: Conectando ao banco de dados ...
[2025-08-03 01:49:37] WARNING in _internal:  * Debugger is active!
[2025-08-03 01:49:37] INFO in _internal:  * Debugger PIN: 825-762-449
[2025-08-03 01:49:43] INFO in _internal:  * Detected change in 'C:\\Users\\Administrador\\Desktop\\PYTHON_PROGRAMS\\PROJECTS_\\CHAT\\app\\routes.py', reloading
[2025-08-03 01:49:43] INFO in _internal:  * Restarting with stat
[2025-08-03 01:49:45] INFO in log_settings: Conectando ao banco de dados ...
[2025-08-03 01:49:45] WARNING in _internal:  * Debugger is active!
[2025-08-03 01:49:45] INFO in _internal:  * Debugger PIN: 825-762-449
[2025-08-03 01:54:14] INFO in _internal:  * Detected change in 'C:\\Users\\Administrador\\Desktop\\PYTHON_PROGRAMS\\PROJECTS_\\CHAT\\app\\log_settings.py', reloading
[2025-08-03 01:54:14] INFO in _internal:  * Restarting with stat
[2025-08-03 01:54:16] INFO in log_settings: Conectando ao banco de dados ...
[2025-08-03 01:54:16] WARNING in _internal:  * Debugger is active!
[2025-08-03 01:54:16] INFO in _internal:  * Debugger PIN: 825-762-449
[2025-08-03 01:55:01] INFO in _internal:  * Detected change in 'C:\\Users\\Administrador\\Desktop\\PYTHON_PROGRAMS\\PROJECTS_\\CHAT\\app\\log_settings.py', reloading
[2025-08-03 01:55:01] INFO in _internal:  * Restarting with stat
[2025-08-03 01:55:02] INFO in log_settings: Conectando ao banco de dados ...
[2025-08-03 01:55:02] WARNING in _internal:  * Debugger is active!
[2025-08-03 01:55:02] INFO in _internal:  * Debugger PIN: 825-762-449
[2025-08-03 01:55:20] INFO in log_settings: Conectando ao banco de dados ...
[2025-08-03 01:55:23] INFO in log_settings: Conectando ao banco de dados ...
[2025-08-03 01:55:23] INFO in log_settings: Conectando ao banco de dados ...
[2025-08-03 01:55:24] INFO in log_settings: Conectando ao banco de dados ...
[2025-08-03 01:55:25] INFO in log_settings: Conectando ao banco de dados ...
[2025-08-03 01:55:25] INFO in log_settings: Conectando ao banco de dados ...
[2025-08-03 01:55:27] INFO in log_settings: Conectando ao banco de dados ...
[2025-08-03 01:55:34] INFO in log_settings: Conectando ao banco de dados ...
[2025-08-03 01:55:45] INFO in _internal:  * Detected change in 'C:\\Users\\Administrador\\Desktop\\PYTHON_PROGRAMS\\PROJECTS_\\CHAT\\app\\log_settings.py', reloading
[2025-08-03 01:55:45] INFO in _internal:  * Restarting with stat
[2025-08-03 01:55:46] INFO in log_settings: Conectando ao banco de dados ...
[2025-08-03 01:55:46] WARNING in _internal:  * Debugger is active!
[2025-08-03 01:55:46] INFO in _internal:  * Debugger PIN: 825-762-449
[2025-08-03 11:59:57] INFO in log_settings: Conectando ao banco de dados ...
[2025-08-03 11:59:58] INFO in log_settings: Conectando ao banco de dados ...
[2025-08-03 11:59:59] INFO in log_settings: Conectando ao banco de dados ...
[2025-08-03 11:59:59] INFO in log_settings: Conectando ao banco de dados ...
[2025-08-03 12:01:08] INFO in log_settings: Conectando ao banco de dados ...
[2025-08-03 12:01:13] INFO in log_settings: Conectando ao banco de dados ...
[2025-08-03 12:01:14] INFO in log_settings: Conectando ao banco de dados ...
[2025-08-03 12:01:14] INFO in log_settings: Conectando ao banco de dados ...
[2025-08-03 12:01:14] INFO in log_settings: Conectando ao banco de dados ...
[2025-08-03 12:01:49] INFO in log_settings: Conectando ao banco de dados ...
[2025-08-03 12:01:49] INFO in log_settings: Conectando ao banco de dados ...
[2025-08-03 12:01:52] INFO in log_settings: Conectando ao banco de dados ...
[2025-08-03 12:01:52] INFO in log_settings: Conectando ao banco de dados ...
[2025-08-03 12:01:52] INFO in log_settings: Conectando ao banco de dados ...
[2025-08-03 12:01:53] INFO in log_settings: Conectando ao banco de dados ...
[2025-08-03 12:02:01] INFO in log_settings: Conectando ao banco de dados ...
[2025-08-03 12:02:01] INFO in log_settings: Conectando ao banco de dados ...
[2025-08-03 12:02:07] INFO in log_settings: Conectando ao banco de dados ...
[2025-08-03 12:02:07] INFO in log_settings: Conectando ao banco de dados ...
[2025-08-03 12:03:03] INFO in log_settings: Conectando ao banco de dados ...
[2025-08-03 12:03:04] INFO in log_settings: Conectando ao banco de dados ...
[2025-08-03 12:03:04] INFO in log_settings: Conectando ao banco de dados ...
[2025-08-03 12:03:05] INFO in log_settings: Conectando ao banco de dados ...
[2025-08-03 12:03:06] INFO in log_settings: Mensagem deletada com sucesso!
[2025-08-03 12:03:06] INFO in log_settings: Conectando ao banco de dados ...
[2025-08-03 12:03:06] INFO in log_settings: Conectando ao banco de dados ...
[2025-08-03 12:03:06] INFO in log_settings: Mensagem deletada com sucesso!
[2025-08-03 12:03:06] INFO in log_settings: Conectando ao banco de dados ...
[2025-08-03 12:06:03] INFO in _internal:  * Detected change in 'C:\\Users\\Administrador\\Desktop\\PYTHON_PROGRAMS\\PROJECTS_\\CHAT\\app\\routes.py', reloading
[2025-08-03 12:06:03] INFO in _internal:  * Restarting with stat
[2025-08-03 12:06:06] INFO in log_settings: Conectando ao banco de dados ...
[2025-08-03 12:06:06] WARNING in _internal:  * Debugger is active!
[2025-08-03 12:06:06] INFO in _internal:  * Debugger PIN: 825-762-449
[2025-08-03 15:49:49] INFO in log_settings: Conectando ao banco de dados ...
[2025-08-03 15:49:49] INFO in _internal:  * Restarting with stat
[2025-08-03 15:49:51] INFO in log_settings: Conectando ao banco de dados ...
[2025-08-03 15:49:51] WARNING in _internal:  * Debugger is active!
[2025-08-03 15:49:51] INFO in _internal:  * Debugger PIN: 825-762-449
[2025-08-03 15:49:58] INFO in log_settings: Conectando ao banco de dados ...
[2025-08-03 15:50:08] INFO in log_settings: Conectando ao banco de dados ...
[2025-08-03 15:50:25] INFO in _internal:  * Detected change in 'C:\\Users\\Administrador\\Desktop\\PYTHON_PROGRAMS\\PROJECTS_\\CHAT\\app\\routes.py', reloading
[2025-08-03 15:50:25] INFO in _internal:  * Restarting with stat
[2025-08-03 15:50:27] INFO in log_settings: Conectando ao banco de dados ...
[2025-08-03 15:50:28] WARNING in _internal:  * Debugger is active!
[2025-08-03 15:50:28] INFO in _internal:  * Debugger PIN: 825-762-449
[2025-08-03 15:50:29] INFO in _internal:  * Detected change in 'C:\\Users\\Administrador\\Desktop\\PYTHON_PROGRAMS\\PROJECTS_\\CHAT\\app\\routes.py', reloading
[2025-08-03 15:50:29] INFO in _internal:  * Restarting with stat
[2025-08-03 15:50:30] INFO in log_settings: Conectando ao banco de dados ...
[2025-08-03 15:50:30] WARNING in _internal:  * Debugger is active!
[2025-08-03 15:50:30] INFO in _internal:  * Debugger PIN: 825-762-449
[2025-08-03 15:50:32] INFO in log_settings: Conectando ao banco de dados ...
[2025-08-03 15:50:41] INFO in log_settings: Conectando ao banco de dados ...
[2025-08-03 15:50:51] INFO in log_settings: Conectando ao banco de dados ...
[2025-08-03 15:50:51] INFO in log_settings: Conectando ao banco de dados ...
[2025-08-03 15:50:52] INFO in log_settings: Conectando ao banco de dados ...
[2025-08-03 15:50:52] INFO in log_settings: Conectando ao banco de dados ...
[2025-08-03 15:50:53] INFO in log_settings: Conectando ao banco de dados ...
[2025-08-03 15:51:41] INFO in log_settings: Conectando ao banco de dados ...
[2025-08-03 15:51:46] INFO in log_settings: Conectando ao banco de dados ...
[2025-08-03 15:52:10] INFO in log_settings: Conectando ao banco de dados ...
[2025-08-03 15:52:28] INFO in log_settings: Conectando ao banco de dados ...
[2025-08-03 15:52:45] INFO in log_settings: Conectando ao banco de dados ...
[2025-08-03 15:52:48] INFO in log_settings: Conectando ao banco de dados ...
[2025-08-03 15:52:49] INFO in log_settings: Conectando ao banco de dados ...
[2025-08-03 15:52:49] INFO in log_settings: Conectando ao banco de dados ...
[2025-08-03 15:52:52] INFO in log_settings: Conectando ao banco de dados ...
[2025-08-03 15:52:55] INFO in log_settings: Conectando ao banco de dados ...
[2025-08-03 15:52:55] INFO in log_settings: Conectando ao banco de dados ...
[2025-08-03 15:52:56] INFO in log_settings: Conectando ao banco de dados ...
[2025-08-03 15:52:56] INFO in log_settings: Conectando ao banco de dados ...
[2025-08-03 15:52:56] INFO in log_settings: Conectando ao banco de dados ...
[2025-08-03 15:52:56] INFO in log_settings: Conectando ao banco de dados ...
[2025-08-03 15:52:56] INFO in log_settings: Conectando ao banco de dados ...
[2025-08-03 15:52:57] INFO in log_settings: Conectando ao banco de dados ...
[2025-08-03 15:52:57] INFO in log_settings: Conectando ao banco de dados ...
[2025-08-03 15:52:57] INFO in log_settings: Conectando ao banco de dados ...
[2025-08-03 15:52:57] INFO in log_settings: Conectando ao banco de dados ...
[2025-08-03 15:52:57] INFO in log_settings: Conectando ao banco de dados ...
[2025-08-03 15:52:58] INFO in log_settings: Conectando ao banco de dados ...
[2025-08-03 15:52:59] INFO in log_settings: Conectando ao banco de dados ...
[2025-08-03 15:53:02] INFO in log_settings: Conectando ao banco de dados ...
[2025-08-03 15:55:14] INFO in log_settings: Conectando ao banco de dados ...
[2025-08-03 15:55:14] INFO in log_settings: Conectando ao banco de dados ...
[2025-08-03 15:55:17] INFO in log_settings: Conectando ao banco de dados ...
[2025-08-03 15:55:19] INFO in log_settings: Conectando ao banco de dados ...
[2025-08-03 15:55:20] INFO in log_settings: Conectando ao banco de dados ...
[2025-08-03 15:55:21] INFO in log_settings: Conectando ao banco de dados ...
[2025-08-03 15:55:21] INFO in log_settings: Mensagem deletada com sucesso!
[2025-08-03 15:55:21] INFO in log_settings: Conectando ao banco de dados ...
[2025-08-03 15:55:21] INFO in log_settings: Conectando ao banco de dados ...
[2025-08-03 15:55:21] INFO in log_settings: Mensagem deletada com sucesso!
[2025-08-03 15:55:21] INFO in log_settings: Conectando ao banco de dados ...
[2025-08-03 15:55:22] INFO in log_settings: Conectando ao banco de dados ...
[2025-08-03 15:55:22] INFO in log_settings: Mensagem deletada com sucesso!
[2025-08-03 15:55:22] INFO in log_settings: Conectando ao banco de dados ...
[2025-08-03 15:55:22] INFO in log_settings: Conectando ao banco de dados ...
[2025-08-03 15:55:22] INFO in log_settings: Mensagem deletada com sucesso!
[2025-08-03 15:55:22] INFO in log_settings: Conectando ao banco de dados ...
[2025-08-03 15:55:22] INFO in log_settings: Conectando ao banco de dados ...
[2025-08-03 15:55:22] INFO in log_settings: Mensagem deletada com sucesso!
[2025-08-03 15:55:22] INFO in log_settings: Conectando ao banco de dados ...
[2025-08-03 15:55:22] INFO in log_settings: Mensagem deletada com sucesso!
[2025-08-03 15:55:22] INFO in log_settings: Conectando ao banco de dados ...
[2025-08-03 15:55:22] INFO in log_settings: Conectando ao banco de dados ...
[2025-08-03 15:55:23] INFO in log_settings: Conectando ao banco de dados ...
[2025-08-03 15:55:23] INFO in log_settings: Mensagem deletada com sucesso!
[2025-08-03 15:55:23] INFO in log_settings: Conectando ao banco de dados ...
[2025-08-03 15:55:25] INFO in log_settings: Conectando ao banco de dados ...
[2025-08-03 15:55:28] INFO in log_settings: Conectando ao banco de dados ...
[2025-08-03 15:55:28] INFO in log_settings: Mensagem deletada com sucesso!
[2025-08-03 15:55:28] INFO in log_settings: Conectando ao banco de dados ...
[2025-08-03 15:55:31] INFO in log_settings: Conectando ao banco de dados ...
[2025-08-03 15:55:37] INFO in log_settings: Conectando ao banco de dados ...
[2025-08-03 15:55:37] INFO in log_settings: Mensagem deletada com sucesso!
[2025-08-03 15:55:37] INFO in log_settings: Conectando ao banco de dados ...
[2025-08-03 15:55:38] INFO in log_settings: Conectando ao banco de dados ...
[2025-08-03 15:55:38] INFO in log_settings: Mensagem deletada com sucesso!
[2025-08-03 15:55:38] INFO in log_settings: Conectando ao banco de dados ...
[2025-08-03 15:55:38] INFO in log_settings: Conectando ao banco de dados ...
[2025-08-03 15:55:39] INFO in log_settings: Mensagem deletada com sucesso!
[2025-08-03 15:55:39] INFO in log_settings: Conectando ao banco de dados ...
[2025-08-03 15:55:39] INFO in log_settings: Conectando ao banco de dados ...
[2025-08-03 15:55:39] INFO in log_settings: Mensagem deletada com sucesso!
[2025-08-03 15:55:39] INFO in log_settings: Conectando ao banco de dados ...
[2025-08-03 15:55:39] INFO in log_settings: Mensagem deletada com sucesso!
[2025-08-03 15:55:39] INFO in log_settings: Conectando ao banco de dados ...
[2025-08-03 15:55:39] INFO in log_settings: Mensagem deletada com sucesso!
[2025-08-03 15:55:39] INFO in log_settings: Conectando ao banco de dados ...
[2025-08-03 15:55:39] INFO in log_settings: Conectando ao banco de dados ...
[2025-08-03 15:55:39] INFO in log_settings: Conectando ao banco de dados ...
[2025-08-03 15:55:39] INFO in log_settings: Conectando ao banco de dados ...
[2025-08-03 15:55:39] INFO in log_settings: Mensagem deletada com sucesso!
[2025-08-03 15:55:39] INFO in log_settings: Conectando ao banco de dados ...
[2025-08-03 15:55:39] INFO in log_settings: Mensagem deletada com sucesso!
[2025-08-03 15:55:39] INFO in log_settings: Conectando ao banco de dados ...
[2025-08-03 15:55:39] INFO in log_settings: Conectando ao banco de dados ...
[2025-08-03 15:55:40] INFO in log_settings: Conectando ao banco de dados ...
[2025-08-03 15:55:40] INFO in log_settings: Mensagem deletada com sucesso!
[2025-08-03 15:55:40] INFO in log_settings: Conectando ao banco de dados ...
[2025-08-03 15:55:40] INFO in log_settings: Conectando ao banco de dados ...
[2025-08-03 15:55:40] INFO in log_settings: Mensagem deletada com sucesso!
[2025-08-03 15:55:40] INFO in log_settings: Conectando ao banco de dados ...
[2025-08-03 15:55:40] INFO in log_settings: Conectando ao banco de dados ...
[2025-08-03 15:55:40] INFO in log_settings: Mensagem deletada com sucesso!
[2025-08-03 15:55:40] INFO in log_settings: Conectando ao banco de dados ...
[2025-08-03 15:55:41] INFO in log_settings: Conectando ao banco de dados ...
[2025-08-03 15:55:41] INFO in log_settings: Mensagem deletada com sucesso!
[2025-08-03 15:55:41] INFO in log_settings: Conectando ao banco de dados ...
[2025-08-03 15:55:41] INFO in log_settings: Conectando ao banco de dados ...
[2025-08-03 15:55:41] INFO in log_settings: Mensagem deletada com sucesso!
[2025-08-03 15:55:41] INFO in log_settings: Conectando ao banco de dados ...
[2025-08-03 15:55:42] INFO in log_settings: Conectando ao banco de dados ...
[2025-08-03 15:55:42] INFO in log_settings: Mensagem deletada com sucesso!
[2025-08-03 15:55:42] INFO in log_settings: Conectando ao banco de dados ...
[2025-08-03 15:55:43] INFO in log_settings: Conectando ao banco de dados ...
[2025-08-03 15:55:43] INFO in log_settings: Mensagem deletada com sucesso!
[2025-08-03 15:55:43] INFO in log_settings: Conectando ao banco de dados ...
[2025-08-03 15:55:43] INFO in log_settings: Conectando ao banco de dados ...
[2025-08-03 15:55:43] INFO in log_settings: Mensagem deletada com sucesso!
[2025-08-03 15:55:43] INFO in log_settings: Conectando ao banco de dados ...
[2025-08-03 15:55:44] INFO in log_settings: Conectando ao banco de dados ...
[2025-08-03 15:55:44] INFO in log_settings: Mensagem deletada com sucesso!
[2025-08-03 15:55:44] INFO in log_settings: Conectando ao banco de dados ...
[2025-08-03 16:06:35] INFO in log_settings: Conectando ao banco de dados ...
[2025-08-03 16:06:44] INFO in log_settings: Conectando ao banco de dados ...
[2025-08-03 16:07:53] INFO in log_settings: Conectando ao banco de dados ...
[2025-08-03 16:08:01] INFO in log_settings: Conectando ao banco de dados ...
[2025-08-03 16:08:06] INFO in log_settings: Conectando ao banco de dados ...
[2025-08-03 16:08:13] INFO in log_settings: Conectando ao banco de dados ...
[2025-08-03 16:08:22] INFO in log_settings: Conectando ao banco de dados ...
[2025-08-03 16:08:24] INFO in log_settings: Conectando ao banco de dados ...
[2025-08-03 16:08:24] INFO in log_settings: Conectando ao banco de dados ...
[2025-08-03 16:08:24] INFO in log_settings: Conectando ao banco de dados ...
[2025-08-03 16:08:27] INFO in log_settings: Conectando ao banco de dados ...
[2025-08-03 16:08:27] INFO in log_settings: Conectando ao banco de dados ...
[2025-08-03 16:08:32] INFO in log_settings: Conectando ao banco de dados ...
[2025-08-03 16:08:32] INFO in log_settings: Conectando ao banco de dados ...
[2025-08-03 16:08:38] INFO in log_settings: Conectando ao banco de dados ...
[2025-08-03 16:09:11] INFO in log_settings: Conectando ao banco de dados ...
[2025-08-03 16:09:22] INFO in log_settings: Conectando ao banco de dados ...
[2025-08-03 16:09:24] INFO in log_settings: Conectando ao banco de dados ...
[2025-08-03 16:09:24] INFO in log_settings: Conectando ao banco de dados ...
[2025-08-03 16:09:31] INFO in log_settings: Conectando ao banco de dados ...
[2025-08-03 16:09:31] INFO in log_settings: Conectando ao banco de dados ...
[2025-08-03 16:09:33] INFO in log_settings: Conectando ao banco de dados ...
[2025-08-03 16:09:43] INFO in log_settings: Conectando ao banco de dados ...
[2025-08-03 16:09:45] INFO in log_settings: Conectando ao banco de dados ...
[2025-08-03 16:09:46] INFO in log_settings: Conectando ao banco de dados ...
[2025-08-03 16:09:46] INFO in log_settings: Conectando ao banco de dados ...
[2025-08-03 16:09:49] INFO in log_settings: Conectando ao banco de dados ...
[2025-08-03 16:09:52] INFO in log_settings: Conectando ao banco de dados ...
[2025-08-03 16:09:52] INFO in log_settings: Conectando ao banco de dados ...
[2025-08-03 16:10:00] INFO in log_settings: Conectando ao banco de dados ...
[2025-08-03 16:10:07] INFO in log_settings: Conectando ao banco de dados ...
[2025-08-03 16:12:13] INFO in _internal:  * Detected change in 'C:\\Users\\Administrador\\Desktop\\PYTHON_PROGRAMS\\PROJECTS_\\CHAT\\main.py', reloading
[2025-08-03 16:12:13] INFO in _internal:  * Restarting with stat
[2025-08-03 16:12:15] INFO in log_settings: Conectando ao banco de dados ...
[2025-08-03 16:12:16] WARNING in _internal:  * Debugger is active!
[2025-08-03 16:12:16] INFO in _internal:  * Debugger PIN: 825-762-449
[2025-08-03 16:12:30] INFO in _internal:  * Detected change in 'C:\\Users\\Administrador\\Desktop\\PYTHON_PROGRAMS\\PROJECTS_\\CHAT\\app\\config.py', reloading
[2025-08-03 16:12:31] INFO in _internal:  * Restarting with stat
[2025-08-03 16:12:32] INFO in log_settings: Conectando ao banco de dados ...
[2025-08-03 16:12:32] WARNING in _internal:  * Debugger is active!
[2025-08-03 16:12:32] INFO in _internal:  * Debugger PIN: 825-762-449
[2025-08-03 16:12:34] INFO in log_settings: Conectando ao banco de dados ...
[2025-08-03 16:12:34] INFO in log_settings: Conectando ao banco de dados ...
[2025-08-03 16:14:17] INFO in log_settings: Conectando ao banco de dados ...
[2025-08-03 16:14:17] INFO in log_settings: Conectando ao banco de dados ...
[2025-08-03 16:14:26] INFO in log_settings: Conectando ao banco de dados ...
[2025-08-03 16:14:26] INFO in log_settings: Mensagem deletada com sucesso!
[2025-08-03 16:14:26] INFO in log_settings: Conectando ao banco de dados ...
[2025-08-03 16:14:27] INFO in log_settings: Conectando ao banco de dados ...
[2025-08-03 16:14:27] INFO in log_settings: Mensagem deletada com sucesso!
[2025-08-03 16:14:27] INFO in log_settings: Conectando ao banco de dados ...
[2025-08-03 16:16:09] INFO in log_settings: Conectando ao banco de dados ...
[2025-08-03 16:16:12] INFO in log_settings: Conectando ao banco de dados ...
[2025-08-03 16:16:13] INFO in log_settings: Conectando ao banco de dados ...
[2025-08-03 16:16:13] INFO in log_settings: Conectando ao banco de dados ...
[2025-08-03 16:16:20] INFO in log_settings: Conectando ao banco de dados ...
[2025-08-03 16:16:20] INFO in log_settings: Conectando ao banco de dados ...
[2025-08-03 16:16:29] INFO in log_settings: Conectando ao banco de dados ...
[2025-08-03 16:16:29] INFO in log_settings: Conectando ao banco de dados ...
[2025-08-03 16:16:48] INFO in log_settings: Conectando ao banco de dados ...
[2025-08-03 16:16:48] INFO in log_settings: Conectando ao banco de dados ...
[2025-08-03 16:29:57] INFO in log_settings: Conectando ao banco de dados ...
[2025-08-03 16:29:58] INFO in _internal:  * Restarting with stat
[2025-08-03 16:29:59] INFO in log_settings: Conectando ao banco de dados ...
[2025-08-03 16:29:59] WARNING in _internal:  * Debugger is active!
[2025-08-03 16:29:59] INFO in _internal:  * Debugger PIN: 825-762-449
[2025-08-03 16:30:06] INFO in log_settings: Conectando ao banco de dados ...
[2025-08-03 16:30:10] INFO in log_settings: Conectando ao banco de dados ...
[2025-08-03 16:30:10] INFO in log_settings: Conectando ao banco de dados ...
[2025-08-03 16:30:11] INFO in log_settings: Conectando ao banco de dados ...
[2025-08-03 16:30:11] INFO in log_settings: Conectando ao banco de dados ...
[2025-08-03 16:30:12] INFO in log_settings: Conectando ao banco de dados ...
[2025-08-03 16:30:12] INFO in log_settings: Conectando ao banco de dados ...
[2025-08-03 16:30:17] INFO in log_settings: Conectando ao banco de dados ...
[2025-08-03 16:30:19] INFO in log_settings: Conectando ao banco de dados ...
[2025-08-03 16:30:22] INFO in log_settings: Conectando ao banco de dados ...
[2025-08-03 16:30:40] INFO in log_settings: Conectando ao banco de dados ...
[2025-08-03 16:30:41] INFO in log_settings: Conectando ao banco de dados ...
[2025-08-03 16:30:41] INFO in log_settings: Conectando ao banco de dados ...
[2025-08-03 16:30:42] INFO in log_settings: Conectando ao banco de dados ...
[2025-08-03 16:30:42] INFO in log_settings: Mensagem deletada com sucesso!
[2025-08-03 16:30:42] INFO in log_settings: Conectando ao banco de dados ...
[2025-08-03 16:30:42] INFO in log_settings: Conectando ao banco de dados ...
[2025-08-03 16:30:42] INFO in log_settings: Mensagem deletada com sucesso!
[2025-08-03 16:30:42] INFO in log_settings: Conectando ao banco de dados ...
[2025-08-03 16:30:42] INFO in log_settings: Conectando ao banco de dados ...
[2025-08-03 16:30:43] INFO in log_settings: Mensagem deletada com sucesso!
[2025-08-03 16:30:43] INFO in log_settings: Conectando ao banco de dados ...
[2025-08-03 16:30:44] INFO in log_settings: Conectando ao banco de dados ...
[2025-08-03 16:30:44] INFO in log_settings: Conectando ao banco de dados ...
[2025-08-03 16:31:02] INFO in log_settings: Conectando ao banco de dados ...
[2025-08-03 16:31:34] INFO in log_settings: Conectando ao banco de dados ...
[2025-08-03 16:31:34] INFO in log_settings: Mensagem deletada com sucesso!
[2025-08-03 16:31:34] INFO in log_settings: Conectando ao banco de dados ...
[2025-08-03 16:31:34] INFO in log_settings: Conectando ao banco de dados ...
[2025-08-03 16:31:34] INFO in log_settings: Mensagem deletada com sucesso!
[2025-08-03 16:31:34] INFO in log_settings: Conectando ao banco de dados ...
[2025-08-03 16:41:04] INFO in log_settings: Conectando ao banco de dados ...
[2025-08-03 16:41:05] INFO in log_settings: Conectando ao banco de dados ...
[2025-08-03 16:41:06] INFO in log_settings: Conectando ao banco de dados ...
[2025-08-03 16:41:09] INFO in log_settings: Conectando ao banco de dados ...
[2025-08-03 16:41:09] INFO in log_settings: Conectando ao banco de dados ...
[2025-08-03 16:41:32] INFO in log_settings: Conectando ao banco de dados ...
[2025-08-03 16:41:32] INFO in log_settings: Conectando ao banco de dados ...
[2025-08-03 16:41:44] INFO in log_settings: Conectando ao banco de dados ...
[2025-08-03 16:41:44] INFO in log_settings: Conectando ao banco de dados ...
[2025-08-03 16:41:45] INFO in log_settings: Conectando ao banco de dados ...
[2025-08-03 16:41:45] INFO in log_settings: Conectando ao banco de dados ...
[2025-08-03 16:42:28] INFO in log_settings: Conectando ao banco de dados ...
[2025-08-03 16:42:28] INFO in log_settings: Conectando ao banco de dados ...
[2025-08-03 16:42:31] INFO in log_settings: Conectando ao banco de dados ...
[2025-08-03 16:42:31] INFO in log_settings: Conectando ao banco de dados ...
[2025-08-03 16:42:32] INFO in log_settings: Conectando ao banco de dados ...
[2025-08-03 16:42:32] INFO in log_settings: Conectando ao banco de dados ...
[2025-08-03 16:43:01] INFO in log_settings: Conectando ao banco de dados ...
[2025-08-03 16:43:01] INFO in log_settings: Conectando ao banco de dados ...
[2025-08-03 16:43:02] INFO in log_settings: Conectando ao banco de dados ...
[2025-08-03 16:43:02] INFO in log_settings: Conectando ao banco de dados ...
[2025-08-03 16:43:03] INFO in log_settings: Conectando ao banco de dados ...
[2025-08-03 16:43:03] INFO in log_settings: Conectando ao banco de dados ...
[2025-08-03 16:43:30] INFO in log_settings: Conectando ao banco de dados ...
[2025-08-03 16:43:30] INFO in log_settings: Conectando ao banco de dados ...
[2025-08-03 16:43:35] INFO in log_settings: Conectando ao banco de dados ...
[2025-08-03 16:43:35] INFO in log_settings: Conectando ao banco de dados ...
[2025-08-03 16:43:47] INFO in log_settings: Conectando ao banco de dados ...
[2025-08-03 16:43:48] INFO in log_settings: Conectando ao banco de dados ...
[2025-08-03 16:44:07] INFO in log_settings: Conectando ao banco de dados ...
[2025-08-03 16:44:07] INFO in log_settings: Conectando ao banco de dados ...
[2025-08-03 16:44:08] INFO in log_settings: Conectando ao banco de dados ...
[2025-08-03 16:44:08] INFO in log_settings: Conectando ao banco de dados ...
[2025-08-03 16:44:16] INFO in log_settings: Conectando ao banco de dados ...
[2025-08-03 16:44:16] INFO in log_settings: Conectando ao banco de dados ...
[2025-08-03 16:44:17] INFO in log_settings: Conectando ao banco de dados ...
[2025-08-03 16:44:17] INFO in log_settings: Conectando ao banco de dados ...
[2025-08-03 16:44:17] INFO in log_settings: Conectando ao banco de dados ...
[2025-08-03 16:44:17] INFO in log_settings: Conectando ao banco de dados ...
[2025-08-03 16:44:17] INFO in log_settings: Conectando ao banco de dados ...
[2025-08-03 16:44:17] INFO in log_settings: Conectando ao banco de dados ...
[2025-08-03 16:44:17] INFO in log_settings: Conectando ao banco de dados ...
[2025-08-03 16:44:18] INFO in log_settings: Conectando ao banco de dados ...
[2025-08-03 16:44:18] INFO in log_settings: Conectando ao banco de dados ...
[2025-08-03 16:44:18] INFO in log_settings: Conectando ao banco de dados ...
[2025-08-03 16:44:30] INFO in log_settings: Conectando ao banco de dados ...
[2025-08-03 16:44:30] INFO in log_settings: Conectando ao banco de dados ...
